<?xml version="1.0" encoding="UTF-8"?>
<!-- Generated by org.testng.reporters.JUnitReportReporter -->
<testsuite skipped="0" hostname="AirdeAdstrateur" name="com.apothuaud.selenium.clickclack.web.tests.draft.v1.ClacksDetailsPageFunctionalTestSet" tests="1" failures="0" timestamp="2018-11-25T15:06:10 CET" time="0.360" errors="0">
  <testcase name="testErrorClackNotFound" time="0.360" classname="com.apothuaud.selenium.clickclack.web.tests.draft.v1.ClacksDetailsPageFunctionalTestSet"/>
</testsuite> <!-- com.apothuaud.selenium.clickclack.web.tests.draft.v1.ClacksDetailsPageFunctionalTestSet -->
