<?xml version="1.0" encoding="UTF-8"?>
<!-- Generated by org.testng.reporters.JUnitReportReporter -->
<testsuite skipped="0" hostname="AirdeAdstrateur" name="com.apothuaud.selenium.clickclack.web.tests.draft.v1.ClacksListPageIntegrationTestSet" tests="4" failures="0" timestamp="2018-11-25T15:06:10 CET" time="9.108" errors="0">
  <testcase name="testListPageToUpdatePage" time="2.443" classname="com.apothuaud.selenium.clickclack.web.tests.draft.v1.ClacksListPageIntegrationTestSet"/>
  <testcase name="testListPageToCreatePage" time="2.089" classname="com.apothuaud.selenium.clickclack.web.tests.draft.v1.ClacksListPageIntegrationTestSet"/>
  <testcase name="testListPageToDetailsPage" time="2.389" classname="com.apothuaud.selenium.clickclack.web.tests.draft.v1.ClacksListPageIntegrationTestSet"/>
  <testcase name="testListPageToHomePage" time="2.187" classname="com.apothuaud.selenium.clickclack.web.tests.draft.v1.ClacksListPageIntegrationTestSet"/>
</testsuite> <!-- com.apothuaud.selenium.clickclack.web.tests.draft.v1.ClacksListPageIntegrationTestSet -->
