<?xml version="1.0" encoding="UTF-8"?>
<!-- Generated by org.testng.reporters.JUnitReportReporter -->
<testsuite skipped="0" hostname="AirdeAdstrateur" name="com.apothuaud.selenium.clickclack.web.tests.draft.v1.ClacksDeletePageFunctionalTestSet" tests="2" failures="0" timestamp="2018-11-25T15:06:10 CET" time="9.685" errors="0">
  <testcase name="testDeletePageRefuseToDelete" time="4.646" classname="com.apothuaud.selenium.clickclack.web.tests.draft.v1.ClacksDeletePageFunctionalTestSet"/>
  <testcase name="testDeletePageConfirmToDelete" time="5.039" classname="com.apothuaud.selenium.clickclack.web.tests.draft.v1.ClacksDeletePageFunctionalTestSet"/>
</testsuite> <!-- com.apothuaud.selenium.clickclack.web.tests.draft.v1.ClacksDeletePageFunctionalTestSet -->
