<?xml version="1.0" encoding="UTF-8"?>
<!-- Generated by org.testng.reporters.JUnitReportReporter -->
<testsuite skipped="0" hostname="AirdeAdstrateur" name="com.apothuaud.selenium.clickclack.web.tests.draft.v1.ClacksCreatePageFunctionalTestSet" tests="2" failures="0" timestamp="2018-11-25T15:06:10 CET" time="0.612" errors="0">
  <testcase name="testCreateFormRemoveFields" time="0.098" classname="com.apothuaud.selenium.clickclack.web.tests.draft.v1.ClacksCreatePageFunctionalTestSet"/>
  <testcase name="testCreateFormAddFields" time="0.514" classname="com.apothuaud.selenium.clickclack.web.tests.draft.v1.ClacksCreatePageFunctionalTestSet"/>
</testsuite> <!-- com.apothuaud.selenium.clickclack.web.tests.draft.v1.ClacksCreatePageFunctionalTestSet -->
