<?xml version="1.0" encoding="UTF-8"?>
<!-- Generated by org.testng.reporters.JUnitReportReporter -->
<testsuite skipped="0" hostname="AirdeAdstrateur" name="com.apothuaud.selenium.clickclack.web.tests.draft.v1.ClacksUpdatePageFunctionalTestSet" tests="2" failures="0" timestamp="2018-11-25T15:06:10 CET" time="0.630" errors="0">
  <testcase name="testUpdateFormAddFields" time="0.548" classname="com.apothuaud.selenium.clickclack.web.tests.draft.v1.ClacksUpdatePageFunctionalTestSet"/>
  <testcase name="testUpdateFormRemoveFields" time="0.082" classname="com.apothuaud.selenium.clickclack.web.tests.draft.v1.ClacksUpdatePageFunctionalTestSet"/>
</testsuite> <!-- com.apothuaud.selenium.clickclack.web.tests.draft.v1.ClacksUpdatePageFunctionalTestSet -->
