<?xml version="1.0" encoding="UTF-8"?>
<!-- Generated by org.testng.reporters.JUnitReportReporter -->
<testsuite skipped="0" hostname="AirdeAdstrateur" name="com.apothuaud.selenium.clickclack.web.tests.draft.v1.ClacksDetailsPageIntegrationTestSet" tests="2" failures="0" timestamp="2018-11-25T15:06:10 CET" time="4.406" errors="0">
  <testcase name="testDetailsPageToListPage" time="2.261" classname="com.apothuaud.selenium.clickclack.web.tests.draft.v1.ClacksDetailsPageIntegrationTestSet"/>
  <testcase name="testDetailsPageToUpdatePage" time="2.145" classname="com.apothuaud.selenium.clickclack.web.tests.draft.v1.ClacksDetailsPageIntegrationTestSet"/>
</testsuite> <!-- com.apothuaud.selenium.clickclack.web.tests.draft.v1.ClacksDetailsPageIntegrationTestSet -->
