<?xml version="1.0" encoding="UTF-8"?>
<!-- Generated by org.testng.reporters.JUnitReportReporter -->
<testsuite skipped="0" hostname="AirdeAdstrateur" name="com.apothuaud.selenium.clickclack.web.tests.draft.v1.HomePageIntegrationTestSet" tests="1" failures="0" timestamp="2018-11-25T15:06:10 CET" time="1.029" errors="0">
  <testcase name="testHomePageToListPage" time="1.029" classname="com.apothuaud.selenium.clickclack.web.tests.draft.v1.HomePageIntegrationTestSet"/>
</testsuite> <!-- com.apothuaud.selenium.clickclack.web.tests.draft.v1.HomePageIntegrationTestSet -->
